# JRE version: Java(TM) SE Runtime Environment (7.0_75-b13) (build 1.7.0_75-b13)
# Java VM: Java HotSpot(TM) 64-Bit Server VM (24.75-b04 mixed mode linux-amd64 compressed oops)
Heap
 PSYoungGen      total 263168K, used 22149K [0x00000000eaa80000, 0x00000000ff900000, 0x0000000100000000)
  eden space 188928K, 0% used [0x00000000eaa80000,0x00000000eaa80000,0x00000000f6300000)
  from space 74240K, 29% used [0x00000000fb080000,0x00000000fc621728,0x00000000ff900000)
  to   space 76800K, 0% used [0x00000000f6300000,0x00000000f6300000,0x00000000fae00000)
 ParOldGen       total 157696K, used 131294K [0x00000000c0000000, 0x00000000c9a00000, 0x00000000eaa80000)
  object space 157696K, 83% used [0x00000000c0000000,0x00000000c80379e0,0x00000000c9a00000)
 PSPermGen       total 21504K, used 5640K [0x00000000bae00000, 0x00000000bc300000, 0x00000000c0000000)
  object space 21504K, 26% used [0x00000000bae00000,0x00000000bb382078,0x00000000bc300000)
GC Heap History (10 events):
Event: 21.481 GC heap after
Heap after GC invocations=13 (full 3):
 PSYoungGen      total 237568K, used 0K [0x00000000eaa80000, 0x0000000100000000, 0x0000000100000000)
  eden space 178688K, 0% used [0x00000000eaa80000,0x00000000eaa80000,0x00000000f5900000)
  from space 58880K, 0% used [0x00000000fc680000,0x00000000fc680000,0x0000000100000000)
  to   space 85504K, 0% used [0x00000000f5900000,0x00000000f5900000,0x00000000fac80000)
 ParOldGen       total 157696K, used 91133K [0x00000000c0000000, 0x00000000c9a00000, 0x00000000eaa80000)
  object space 157696K, 57% used [0x00000000c0000000,0x00000000c58ff5f0,0x00000000c9a00000)
 PSPermGen       total 21504K, used 5579K [0x00000000bae00000, 0x00000000bc300000, 0x00000000c0000000)
  object space 21504K, 25% used [0x00000000bae00000,0x00000000bb372f98,0x00000000bc300000)
}
Event: 24.645 GC heap before
{Heap before GC invocations=14 (full 3):
 PSYoungGen      total 237568K, used 178688K [0x00000000eaa80000, 0x0000000100000000, 0x0000000100000000)
  eden space 178688K, 100% used [0x00000000eaa80000,0x00000000f5900000,0x00000000f5900000)
  from space 58880K, 0% used [0x00000000fc680000,0x00000000fc680000,0x0000000100000000)
  to   space 85504K, 0% used [0x00000000f5900000,0x00000000f5900000,0x00000000fac80000)
 ParOldGen       total 157696K, used 91133K [0x00000000c0000000, 0x00000000c9a00000, 0x00000000eaa80000)
  object space 157696K, 57% used [0x00000000c0000000,0x00000000c58ff5f0,0x00000000c9a00000)
 PSPermGen       total 21504K, used 5586K [0x00000000bae00000, 0x00000000bc300000, 0x00000000c0000000)
  object space 21504K, 25% used [0x00000000bae00000,0x00000000bb374a80,0x00000000bc300000)
Event: 24.751 GC heap after
Heap after GC invocations=14 (full 3):
 PSYoungGen      total 264192K, used 35236K [0x00000000eaa80000, 0x0000000100000000, 0x0000000100000000)
  eden space 178688K, 0% used [0x00000000eaa80000,0x00000000eaa80000,0x00000000f5900000)
  from space 85504K, 41% used [0x00000000f5900000,0x00000000f7b69110,0x00000000fac80000)
  to   space 80896K, 0% used [0x00000000fb100000,0x00000000fb100000,0x0000000100000000)
 ParOldGen       total 157696K, used 91133K [0x00000000c0000000, 0x00000000c9a00000, 0x00000000eaa80000)
  object space 157696K, 57% used [0x00000000c0000000,0x00000000c58ff5f0,0x00000000c9a00000)
 PSPermGen       total 21504K, used 5586K [0x00000000bae00000, 0x00000000bc300000, 0x00000000c0000000)
  object space 21504K, 25% used [0x00000000bae00000,0x00000000bb374a80,0x00000000bc300000)
}
Event: 26.066 GC heap before
{Heap before GC invocations=15 (full 3):
 PSYoungGen      total 264192K, used 213924K [0x00000000eaa80000, 0x0000000100000000, 0x0000000100000000)
  eden space 178688K, 100% used [0x00000000eaa80000,0x00000000f5900000,0x00000000f5900000)
  from space 85504K, 41% used [0x00000000f5900000,0x00000000f7b69110,0x00000000fac80000)
  to   space 80896K, 0% used [0x00000000fb100000,0x00000000fb100000,0x0000000100000000)
 ParOldGen       total 157696K, used 91133K [0x00000000c0000000, 0x00000000c9a00000, 0x00000000eaa80000)
  object space 157696K, 57% used [0x00000000c0000000,0x00000000c58ff5f0,0x00000000c9a00000)
 PSPermGen       total 21504K, used 5587K [0x00000000bae00000, 0x00000000bc300000, 0x00000000c0000000)
  object space 21504K, 25% used [0x00000000bae00000,0x00000000bb374f70,0x00000000bc300000)
Event: 26.240 GC heap after
Heap after GC invocations=15 (full 3):
 PSYoungGen      total 261632K, used 49746K [0x00000000eaa80000, 0x00000000ffd80000, 0x0000000100000000)
  eden space 183296K, 0% used [0x00000000eaa80000,0x00000000eaa80000,0x00000000f5d80000)
  from space 78336K, 63% used [0x00000000fb100000,0x00000000fe194b50,0x00000000ffd80000)
  to   space 81920K, 0% used [0x00000000f5d80000,0x00000000f5d80000,0x00000000fad80000)
 ParOldGen       total 157696K, used 107824K [0x00000000c0000000, 0x00000000c9a00000, 0x00000000eaa80000)
  object space 157696K, 68% used [0x00000000c0000000,0x00000000c694c100,0x00000000c9a00000)
 PSPermGen       total 21504K, used 5587K [0x00000000bae00000, 0x00000000bc300000, 0x00000000c0000000)
  object space 21504K, 25% used [0x00000000bae00000,0x00000000bb374f70,0x00000000bc300000)
}
Event: 28.105 GC heap before
{Heap before GC invocations=16 (full 3):
 PSYoungGen      total 261632K, used 233042K [0x00000000eaa80000, 0x00000000ffd80000, 0x0000000100000000)
  eden space 183296K, 100% used [0x00000000eaa80000,0x00000000f5d80000,0x00000000f5d80000)
  from space 78336K, 63% used [0x00000000fb100000,0x00000000fe194b50,0x00000000ffd80000)
  to   space 81920K, 0% used [0x00000000f5d80000,0x00000000f5d80000,0x00000000fad80000)
 ParOldGen       total 157696K, used 107824K [0x00000000c0000000, 0x00000000c9a00000, 0x00000000eaa80000)
  object space 157696K, 68% used [0x00000000c0000000,0x00000000c694c100,0x00000000c9a00000)
 PSPermGen       total 21504K, used 5597K [0x00000000bae00000, 0x00000000bc300000, 0x00000000c0000000)
  object space 21504K, 26% used [0x00000000bae00000,0x00000000bb3775b8,0x00000000bc300000)
Event: 28.240 GC heap after
Heap after GC invocations=16 (full 3):
 PSYoungGen      total 265216K, used 38340K [0x00000000eaa80000, 0x00000000ffd80000, 0x0000000100000000)
  eden space 183296K, 0% used [0x00000000eaa80000,0x00000000eaa80000,0x00000000f5d80000)
  from space 81920K, 46% used [0x00000000f5d80000,0x00000000f82f1308,0x00000000fad80000)
  to   space 78848K, 0% used [0x00000000fb080000,0x00000000fb080000,0x00000000ffd80000)
 ParOldGen       total 157696K, used 115209K [0x00000000c0000000, 0x00000000c9a00000, 0x00000000eaa80000)
  object space 157696K, 73% used [0x00000000c0000000,0x00000000c7082658,0x00000000c9a00000)
 PSPermGen       total 21504K, used 5597K [0x00000000bae00000, 0x00000000bc300000, 0x00000000c0000000)
  object space 21504K, 26% used [0x00000000bae00000,0x00000000bb3775b8,0x00000000bc300000)
}
Event: 30.835 GC heap before
{Heap before GC invocations=17 (full 3):
 PSYoungGen      total 265216K, used 221636K [0x00000000eaa80000, 0x00000000ffd80000, 0x0000000100000000)
  eden space 183296K, 100% used [0x00000000eaa80000,0x00000000f5d80000,0x00000000f5d80000)
  from space 81920K, 46% used [0x00000000f5d80000,0x00000000f82f1308,0x00000000fad80000)
  to   space 78848K, 0% used [0x00000000fb080000,0x00000000fb080000,0x00000000ffd80000)
 ParOldGen       total 157696K, used 115209K [0x00000000c0000000, 0x00000000c9a00000, 0x00000000eaa80000)
  object space 157696K, 73% used [0x00000000c0000000,0x00000000c7082658,0x00000000c9a00000)
 PSPermGen       total 21504K, used 5640K [0x00000000bae00000, 0x00000000bc300000, 0x00000000c0000000)
  object space 21504K, 26% used [0x00000000bae00000,0x00000000bb382078,0x00000000bc300000)
Event: 31.053 GC heap after
Heap after GC invocations=17 (full 3):
 PSYoungGen      total 263168K, used 22149K [0x00000000eaa80000, 0x00000000ff900000, 0x0000000100000000)
  eden space 188928K, 0% used [0x00000000eaa80000,0x00000000eaa80000,0x00000000f6300000)
  from space 74240K, 29% used [0x00000000fb080000,0x00000000fc621728,0x00000000ff900000)
  to   space 76800K, 0% used [0x00000000f6300000,0x00000000f6300000,0x00000000fae00000)
 ParOldGen       total 157696K, used 131294K [0x00000000c0000000, 0x00000000c9a00000, 0x00000000eaa80000)
  object space 157696K, 83% used [0x00000000c0000000,0x00000000c80379e0,0x00000000c9a00000)
 PSPermGen       total 21504K, used 5640K [0x00000000bae00000, 0x00000000bc300000, 0x00000000c0000000)
  object space 21504K, 26% used [0x00000000bae00000,0x00000000bb382078,0x00000000bc300000)
}
Event: 31.054 GC heap before
{Heap before GC invocations=18 (full 4):
 PSYoungGen      total 263168K, used 22149K [0x00000000eaa80000, 0x00000000ff900000, 0x0000000100000000)
  eden space 188928K, 0% used [0x00000000eaa80000,0x00000000eaa80000,0x00000000f6300000)
  from space 74240K, 29% used [0x00000000fb080000,0x00000000fc621728,0x00000000ff900000)
  to   space 76800K, 0% used [0x00000000f6300000,0x00000000f6300000,0x00000000fae00000)
 ParOldGen       total 157696K, used 131294K [0x00000000c0000000, 0x00000000c9a00000, 0x00000000eaa80000)
  object space 157696K, 83% used [0x00000000c0000000,0x00000000c80379e0,0x00000000c9a00000)
 PSPermGen       total 21504K, used 5640K [0x00000000bae00000, 0x00000000bc300000, 0x00000000c0000000)
  object space 21504K, 26% used [0x00000000bae00000,0x00000000bb382078,0x00000000bc300000)

